<?xml version="1.0" encoding="UTF-8"?>
<testng-results ignored="0" total="0" passed="0" failed="0" skipped="0">
  <reporter-output>
  </reporter-output>
  <suite started-at="2021-03-05T13:30:42 IST" name="Default suite" finished-at="2021-03-05T13:30:43 IST" duration-ms="449">
    <groups>
    </groups>
    <test started-at="2021-03-05T13:30:42 IST" name="Default test" finished-at="2021-03-05T13:30:43 IST" duration-ms="449">
    </test> <!-- Default test -->
  </suite> <!-- Default suite -->
</testng-results>
